<?xml version="1.0" encoding="UTF-8"?>
<!-- Generated by org.testng.reporters.JUnitReportReporter -->
<testsuite hostname="DESKTOP-CG5NQD4" failures="0" tests="1" name="project_2.airline_app.TestCase03" time="9.106" errors="0" timestamp="2024-08-10T12:35:04 IST" skipped="0">
  <testcase classname="project_2.airline_app.TestCase03" name="login_usingInvalidCredentials" time="9.106"/>
  <system-out>
    <![CDATA[Test case Ppassed]]>
  </system-out>
</testsuite> <!-- project_2.airline_app.TestCase03 -->
