<?xml version="1.0" encoding="UTF-8"?>
<!-- Generated by org.testng.reporters.JUnitReportReporter -->
<testsuite hostname="DESKTOP-CG5NQD4" failures="0" tests="2" name="project_2.airline_app.TestCase15" time="56.017" errors="0" timestamp="2024-08-10T12:35:04 IST" skipped="1">
  <testcase classname="project_2.airline_app.TestCase15" name="validatePayments" time="25.693"/>
  <system-out>
    <![CDATA[Test case Ppassed]]>
  </system-out>
  <testcase classname="project_2.airline_app.TestCase15" name="validatePayments" time="30.324">
    <skipped/>
  </testcase> <!-- validatePayments -->
  <system-out/>
</testsuite> <!-- project_2.airline_app.TestCase15 -->
